FUNCTION  <SNR>23_Remove_Matches()
    Defined: /usr/share/nvim/runtime/plugin/matchparen.vim:203
Called 1 time
Total time:   0.000011
 Self time:   0.000011

count  total (s)   self (s)
    1              0.000002   if exists('w:paren_hl_on') && w:paren_hl_on
                                while !empty(w:matchparen_ids)
                                  silent! call remove(w:matchparen_ids, 0)->matchdelete()
                                endwhile
                                let w:paren_hl_on = 0
    1              0.000000   endif

FUNCTION  <SNR>23_Highlight_Matching_Pair()
    Defined: /usr/share/nvim/runtime/plugin/matchparen.vim:45
Called 1 time
Total time:   0.000076
 Self time:   0.000065

count  total (s)   self (s)
    1              0.000008   if !exists("w:matchparen_ids")
                                let w:matchparen_ids = []
    1              0.000001   endif
                              " Remove any previous match.
    1   0.000018   0.000007   call s:Remove_Matches()
                            
                              " Avoid that we remove the popup menu.
                              " Return when there are no colors (looks like the cursor jumps).
    1              0.000004   if pumvisible() || (&t_Co < 8 && !has("gui_running"))
                                return
    1              0.000000   endif
                            
                              " Get the character under the cursor and check if it's in 'matchpairs'.
    1              0.000003   let c_lnum = line('.')
    1              0.000002   let c_col = col('.')
    1              0.000001   let before = 0
                            
    1              0.000003   let text = getline(c_lnum)
    1              0.000004   let c_before = text->strpart(0, c_col - 1)->slice(-1)
    1              0.000002   let c = text->strpart(c_col - 1)->slice(0, 1)
    1              0.000013   let plist = split(&matchpairs, '.\zs[:,]')
    1              0.000002   let i = index(plist, c)
    1              0.000001   if i < 0
                                " not found, in Insert mode try character before the cursor
    1              0.000002     if c_col > 1 && (mode() == 'i' || mode() == 'R')
                                  let before = strlen(c_before)
                                  let c = c_before
                                  let i = index(plist, c)
    1              0.000000     endif
    1              0.000001     if i < 0
                                  " not found, nothing to do
    1              0.000001       return
                                endif
                              endif
                            
                              " Figure out the arguments for searchpairpos().
                              if i % 2 == 0
                                let s_flags = 'nW'
                                let c2 = plist[i + 1]
                              else
                                let s_flags = 'nbW'
                                let c2 = c
                                let c = plist[i - 1]
                              endif
                              if c == '['
                                let c = '\['
                                let c2 = '\]'
                              endif
                            
                              " Find the match.  When it was just before the cursor move it there for a
                              " moment.
                              if before > 0
                                let save_cursor = getcurpos()
                                call cursor(c_lnum, c_col - before)
                                defer setpos('.', save_cursor)
                              endif
                            
                              if !has("syntax") || !exists("g:syntax_on")
                                let s_skip = "0"
                              elseif exists("b:ts_highlight") && &syntax != 'on'
                                let s_skip = "match(v:lua.vim.treesitter.get_captures_at_cursor(), '" .. 'string\|character\|singlequote\|escape\|symbol\|comment' .. "') != -1"
                              else
                                " do not attempt to match when the syntax item where the cursor is
                                " indicates there does not exist a matching parenthesis, e.g. for shells
                                " case statement: "case $var in foobar)"
                                "
                                " add the check behind a filetype check, so it only needs to be
                                " evaluated for certain filetypes
                                if ['sh']->index(&filetype) >= 0 && synstack(".", col("."))->indexof({_, id -> synIDattr(id, "name") =~? "shSnglCase"}) >= 0
                                  return
                                endif
                                " Build an expression that detects whether the current cursor position is
                                " in certain syntax types (string, comment, etc.), for use as
                                " searchpairpos()'s skip argument.
                                " We match "escape" for special items, such as lispEscapeSpecial, and
                                " match "symbol" for lispBarSymbol.
                                let s_skip = 'synstack(".", col("."))' . '->indexof({_, id -> synIDattr(id, "name") =~? ' . '"string\\|character\\|singlequote\\|escape\\|symbol\\|comment"}) >= 0'
                                " If executing the expression determines that the cursor is currently in
                                " one of the syntax types, then we want searchpairpos() to find the pair
                                " within those syntax types (i.e., not skip).  Otherwise, the cursor is
                                " outside of the syntax types and s_skip should keep its value so we skip
                                " any matching pair inside the syntax types.
                                " Catch if this throws E363: pattern uses more memory than 'maxmempattern'.
                                try
                                  execute 'if ' . s_skip . ' | let s_skip = "0" | endif'
                                catch /^Vim\%((\a\+)\)\=:E363/
                                  " We won't find anything, so skip searching, should keep Vim responsive.
                                  return
                                endtry
                              endif
                            
                              " Limit the search to lines visible in the window.
                              let stoplinebottom = line('w$')
                              let stoplinetop = line('w0')
                              if i % 2 == 0
                                let stopline = stoplinebottom
                              else
                                let stopline = stoplinetop
                              endif
                            
                              " Limit the search time to 300 msec to avoid a hang on very long lines.
                              " This fails when a timeout is not supported.
                              if mode() == 'i' || mode() == 'R'
                                let timeout = exists("b:matchparen_insert_timeout") ? b:matchparen_insert_timeout : g:matchparen_insert_timeout
                              else
                                let timeout = exists("b:matchparen_timeout") ? b:matchparen_timeout : g:matchparen_timeout
                              endif
                              try
                                let [m_lnum, m_col] = searchpairpos(c, '', c2, s_flags, s_skip, stopline, timeout)
                              catch /E118/
                                " Can't use the timeout, restrict the stopline a bit more to avoid taking
                                " a long time on closed folds and long lines.
                                " The "viewable" variables give a range in which we can scroll while
                                " keeping the cursor at the same position.
                                " adjustedScrolloff accounts for very large numbers of scrolloff.
                                let adjustedScrolloff = min([&scrolloff, (line('w$') - line('w0')) / 2])
                                let bottom_viewable = min([line('$'), c_lnum + &lines - adjustedScrolloff - 2])
                                let top_viewable = max([1, c_lnum-&lines+adjustedScrolloff + 2])
                                " one of these stoplines will be adjusted below, but the current values are
                                " minimal boundaries within the current window
                                if i % 2 == 0
                                  if has("byte_offset") && has("syntax_items") && &smc > 0
                            	let stopbyte = min([line2byte("$"), line2byte(".") + col(".") + &smc * 2])
                            	let stopline = min([bottom_viewable, byte2line(stopbyte)])
                                  else
                            	let stopline = min([bottom_viewable, c_lnum + 100])
                                  endif
                                  let stoplinebottom = stopline
                                else
                                  if has("byte_offset") && has("syntax_items") && &smc > 0
                            	let stopbyte = max([1, line2byte(".") + col(".") - &smc * 2])
                            	let stopline = max([top_viewable, byte2line(stopbyte)])
                                  else
                            	let stopline = max([top_viewable, c_lnum - 100])
                                  endif
                                  let stoplinetop = stopline
                                endif
                                let [m_lnum, m_col] = searchpairpos(c, '', c2, s_flags, s_skip, stopline)
                              endtry
                            
                              " If a match is found setup match highlighting.
                              if m_lnum > 0 && m_lnum >= stoplinetop && m_lnum <= stoplinebottom
                                if !g:matchparen_disable_cursor_hl
                                  call add(w:matchparen_ids, matchaddpos('MatchParen', [[c_lnum, c_col - before], [m_lnum, m_col]], 10))
                                else
                                  call add(w:matchparen_ids, matchaddpos('MatchParen', [[m_lnum, m_col]], 10))
                                endif
                                let w:paren_hl_on = 1
                              endif

FUNCTIONS SORTED ON TOTAL TIME
count  total (s)   self (s)  function
    1   0.000076   0.000065  <SNR>23_Highlight_Matching_Pair()
    1   0.000011             <SNR>23_Remove_Matches()

FUNCTIONS SORTED ON SELF TIME
count  total (s)   self (s)  function
    1   0.000076   0.000065  <SNR>23_Highlight_Matching_Pair()
    1              0.000011  <SNR>23_Remove_Matches()

